<?xml version="1.0" encoding="UTF-8"?>
<!-- Generated by org.testng.reporters.JUnitXMLReporter -->
<testsuite ignored="0" hostname="rsasma33" failures="0" tests="4" name="Default test" time="0.081" errors="0" timestamp="2022-02-08T01:45:35 IST">
  <testcase classname="test.newday1" name="Demo" time="0.008"/>
  <testcase classname="test.newday1" name="Demo1" time="0.002"/>
  <testcase classname="test.newday1" name="Demo1" time="0.004"/>
  <testcase classname="test.newday1" name="Demo1" time="0.004"/>
</testsuite> <!-- Default test -->
