<?xml version="1.0" encoding="UTF-8"?>
<!-- Generated by org.testng.reporters.JUnitXMLReporter -->
<testsuite ignored="5" hostname="rsasma33" failures="0" tests="2" name="API Loan" time="0.01" errors="0" timestamp="2022-03-09T23:55:55 IST">
  <testcase classname="test.testday1" name="MobileLoginHomeLoan" time="0.001"/>
  <testcase classname="test.testday1" name="WebLoginHomeloan" time="0.003"/>
  <testcase classname="test.testday1" name="APILoginHomeLoan" time="0.0">
    <ignored/>
  </testcase> <!-- APILoginHomeLoan -->
  <testcase classname="test.testday1" name="APILoginHomeLoan1" time="0.0">
    <ignored/>
  </testcase> <!-- APILoginHomeLoan1 -->
  <testcase classname="test.testday1" name="APILoginHomeLoan2" time="0.0">
    <ignored/>
  </testcase> <!-- APILoginHomeLoan2 -->
  <testcase classname="test.testday1" name="APILoginHomeLoan3" time="0.0">
    <ignored/>
  </testcase> <!-- APILoginHomeLoan3 -->
  <testcase classname="test.testday1" name="APILoginHomeLoan4" time="0.0">
    <ignored/>
  </testcase> <!-- APILoginHomeLoan4 -->
</testsuite> <!-- API Loan -->
