<?xml version="1.0" encoding="UTF-8"?>
<!-- Generated by org.testng.reporters.JUnitXMLReporter -->
<testsuite ignored="1" hostname="rsasma33" failures="0" tests="6" name="Car Loan" time="0.03" errors="0" timestamp="2022-03-09T23:55:55 IST">
  <testcase classname="test.testday1" name="APILoginHomeLoan" time="0.002"/>
  <testcase classname="test.testday1" name="APILoginHomeLoan1" time="0.002"/>
  <testcase classname="test.testday1" name="APILoginHomeLoan2" time="0.002"/>
  <testcase classname="test.testday1" name="APILoginHomeLoan3" time="0.001"/>
  <testcase classname="test.testday1" name="APILoginHomeLoan4" time="0.004"/>
  <testcase classname="test.testday1" name="WebLoginHomeloan" time="0.002"/>
  <testcase classname="test.testday1" name="MobileLoginHomeLoan" time="0.0">
    <ignored/>
  </testcase> <!-- MobileLoginHomeLoan -->
</testsuite> <!-- Car Loan -->
