<?xml version="1.0" encoding="UTF-8"?>
<!-- Generated by org.testng.reporters.JUnitXMLReporter -->
<testsuite ignored="10" hostname="rsasma33" failures="0" tests="1" name="Home Loan" time="0.006" errors="0" timestamp="2022-03-09T23:55:55 IST">
  <testcase classname="test.testday2" name="MobileLoginHomeLoan2" time="0.001"/>
  <testcase classname="test.testday2" name="WebLoginHomeloan2" time="0.0">
    <ignored/>
  </testcase> <!-- WebLoginHomeloan2 -->
  <testcase classname="test.testday2" name="MobileLoginHomeLoan5" time="0.0">
    <ignored/>
  </testcase> <!-- MobileLoginHomeLoan5 -->
  <testcase classname="test.testday2" name="APILoginHomeLoan2" time="0.0">
    <ignored/>
  </testcase> <!-- APILoginHomeLoan2 -->
  <testcase classname="test.testday2" name="MobileLoginHomeLoan3" time="0.0">
    <ignored/>
  </testcase> <!-- MobileLoginHomeLoan3 -->
  <testcase classname="test.testday2" name="MobileLoginHomeLoan4" time="0.0">
    <ignored/>
  </testcase> <!-- MobileLoginHomeLoan4 -->
  <testcase classname="test.testday2" name="MobileLoginHomeLoan9" time="0.0">
    <ignored/>
  </testcase> <!-- MobileLoginHomeLoan9 -->
  <testcase classname="test.testday2" name="MobileLoginHomeLoan7" time="0.0">
    <ignored/>
  </testcase> <!-- MobileLoginHomeLoan7 -->
  <testcase classname="test.testday2" name="MobileLoginHomeLoan8" time="0.0">
    <ignored/>
  </testcase> <!-- MobileLoginHomeLoan8 -->
  <testcase classname="test.testday2" name="MobileLoginHomeLoan6" time="0.0">
    <ignored/>
  </testcase> <!-- MobileLoginHomeLoan6 -->
  <testcase classname="test.testday2" name="MobileLoginHomeLoan10" time="0.0">
    <ignored/>
  </testcase> <!-- MobileLoginHomeLoan10 -->
</testsuite> <!-- Home Loan -->
