<?xml version="1.0" encoding="UTF-8"?>
<!-- Generated by org.testng.reporters.JUnitXMLReporter -->
<testsuite ignored="0" hostname="rsasma33" failures="0" tests="4" name="Personal Laon" time="0.079" errors="0" timestamp="2021-12-12T23:10:15 IST">
  <testcase classname="test.newday1" name="Demo" time="0.013"/>
  <testcase classname="test.newday1" name="Demo1" time="0.002"/>
  <testcase classname="test.newday2" name="menu" time="0.001"/>
  <testcase classname="test.newday3" name="menu" time="0.002"/>
</testsuite> <!-- Personal Laon -->
