<?xml version="1.0" encoding="UTF-8"?>
<!-- Generated by org.testng.reporters.JUnitXMLReporter -->
<testsuite ignored="0" hostname="rsasma33" failures="0" tests="6" name="Personal Loan" time="0.124" errors="0" timestamp="2022-03-09T23:55:54 IST">
  <testcase classname="test.newday1" name="Demo" time="0.009"/>
  <testcase classname="test.newday1" name="Demo1" time="0.003"/>
  <testcase classname="test.newday1" name="Demo1" time="0.003"/>
  <testcase classname="test.newday1" name="Demo1" time="0.002"/>
  <testcase classname="test.newday2" name="menu" time="0.003"/>
  <testcase classname="test.newday3" name="menu" time="0.001"/>
</testsuite> <!-- Personal Loan -->
