<?xml version="1.0" encoding="UTF-8"?>
<!-- Generated by org.testng.reporters.JUnitXMLReporter -->
<testsuite ignored="18" hostname="rsasma33" failures="0" tests="4" name="regression test" time="0.072" errors="0" timestamp="2021-12-16T00:00:26 IST">
  <testcase classname="test.newday1" name="Demo" time="0.011"/>
  <testcase classname="test.newday3" name="menu" time="0.001"/>
  <testcase classname="test.testday1" name="APILoginHomeLoan3" time="0.002"/>
  <testcase classname="test.testday2" name="APILoginHomeLoan2" time="0.002"/>
  <testcase classname="test.testday1" name="APILoginHomeLoan" time="0.0">
    <ignored/>
  </testcase> <!-- APILoginHomeLoan -->
  <testcase classname="test.testday2" name="MobileLoginHomeLoan5" time="0.0">
    <ignored/>
  </testcase> <!-- MobileLoginHomeLoan5 -->
  <testcase classname="test.newday2" name="menu" time="0.0">
    <ignored/>
  </testcase> <!-- menu -->
  <testcase classname="test.testday1" name="MobileLoginHomeLoan" time="0.0">
    <ignored/>
  </testcase> <!-- MobileLoginHomeLoan -->
  <testcase classname="test.testday2" name="MobileLoginHomeLoan3" time="0.0">
    <ignored/>
  </testcase> <!-- MobileLoginHomeLoan3 -->
  <testcase classname="test.testday2" name="MobileLoginHomeLoan4" time="0.0">
    <ignored/>
  </testcase> <!-- MobileLoginHomeLoan4 -->
  <testcase classname="test.newday1" name="Demo1" time="0.0">
    <ignored/>
  </testcase> <!-- Demo1 -->
  <testcase classname="test.testday2" name="MobileLoginHomeLoan2" time="0.0">
    <ignored/>
  </testcase> <!-- MobileLoginHomeLoan2 -->
  <testcase classname="test.testday1" name="APILoginHomeLoan2" time="0.0">
    <ignored/>
  </testcase> <!-- APILoginHomeLoan2 -->
  <testcase classname="test.testday1" name="APILoginHomeLoan4" time="0.0">
    <ignored/>
  </testcase> <!-- APILoginHomeLoan4 -->
  <testcase classname="test.testday2" name="WebLoginHomeloan2" time="0.0">
    <ignored/>
  </testcase> <!-- WebLoginHomeloan2 -->
  <testcase classname="test.testday1" name="APILoginHomeLoan1" time="0.0">
    <ignored/>
  </testcase> <!-- APILoginHomeLoan1 -->
  <testcase classname="test.testday2" name="MobileLoginHomeLoan9" time="0.0">
    <ignored/>
  </testcase> <!-- MobileLoginHomeLoan9 -->
  <testcase classname="test.testday2" name="MobileLoginHomeLoan7" time="0.0">
    <ignored/>
  </testcase> <!-- MobileLoginHomeLoan7 -->
  <testcase classname="test.testday1" name="WebLoginHomeloan" time="0.0">
    <ignored/>
  </testcase> <!-- WebLoginHomeloan -->
  <testcase classname="test.testday2" name="MobileLoginHomeLoan8" time="0.0">
    <ignored/>
  </testcase> <!-- MobileLoginHomeLoan8 -->
  <testcase classname="test.testday2" name="MobileLoginHomeLoan6" time="0.0">
    <ignored/>
  </testcase> <!-- MobileLoginHomeLoan6 -->
  <testcase classname="test.testday2" name="MobileLoginHomeLoan10" time="0.0">
    <ignored/>
  </testcase> <!-- MobileLoginHomeLoan10 -->
</testsuite> <!-- regression test -->
